{"/Users/Yara/Desktop/MarkdownLinks/lib/index.js": {"path":"/Users/Yara/Desktop/MarkdownLinks/lib/index.js","statementMap":{"0":{"start":{"line":1,"column":11},"end":{"line":1,"column":24}},"1":{"start":{"line":3,"column":16},"end":{"line":23,"column":2}},"2":{"start":{"line":3,"column":26},"end":{"line":23,"column":2}},"3":{"start":{"line":4,"column":2},"end":{"line":6,"column":3}},"4":{"start":{"line":5,"column":4},"end":{"line":5,"column":29}},"5":{"start":{"line":7,"column":2},"end":{"line":22,"column":5}},"6":{"start":{"line":8,"column":4},"end":{"line":21,"column":5}},"7":{"start":{"line":9,"column":6},"end":{"line":9,"column":31}},"8":{"start":{"line":11,"column":20},"end":{"line":11,"column":56}},"9":{"start":{"line":13,"column":20},"end":{"line":19,"column":8}},"10":{"start":{"line":14,"column":24},"end":{"line":14,"column":40}},"11":{"start":{"line":15,"column":8},"end":{"line":18,"column":10}},"12":{"start":{"line":20,"column":6},"end":{"line":20,"column":21}},"13":{"start":{"line":25,"column":0},"end":{"line":25,"column":25}}},"fnMap":{"0":{"name":"(anonymous_0)","decl":{"start":{"line":3,"column":16},"end":{"line":3,"column":17}},"loc":{"start":{"line":3,"column":26},"end":{"line":23,"column":2}},"line":3},"1":{"name":"(anonymous_1)","decl":{"start":{"line":3,"column":38},"end":{"line":3,"column":39}},"loc":{"start":{"line":3,"column":59},"end":{"line":23,"column":1}},"line":3},"2":{"name":"(anonymous_2)","decl":{"start":{"line":7,"column":28},"end":{"line":7,"column":29}},"loc":{"start":{"line":7,"column":47},"end":{"line":22,"column":3}},"line":7},"3":{"name":"(anonymous_3)","decl":{"start":{"line":13,"column":44},"end":{"line":13,"column":45}},"loc":{"start":{"line":13,"column":54},"end":{"line":19,"column":7}},"line":13}},"branchMap":{"0":{"loc":{"start":{"line":4,"column":2},"end":{"line":6,"column":3}},"type":"if","locations":[{"start":{"line":4,"column":2},"end":{"line":6,"column":3}},{"start":{"line":4,"column":2},"end":{"line":6,"column":3}}],"line":4},"1":{"loc":{"start":{"line":8,"column":4},"end":{"line":21,"column":5}},"type":"if","locations":[{"start":{"line":8,"column":4},"end":{"line":21,"column":5}},{"start":{"line":8,"column":4},"end":{"line":21,"column":5}}],"line":8}},"s":{"0":1,"1":1,"2":3,"3":3,"4":1,"5":3,"6":2,"7":1,"8":1,"9":1,"10":2,"11":2,"12":1,"13":1},"f":{"0":3,"1":3,"2":2,"3":2},"b":{"0":[1,2],"1":[1,1]},"_coverageSchema":"43e27e138ebf9cfc5966b082cf9a028302ed4184","hash":"c4a222606971c56929a5cfda8805f5980ec2e831"}
}
