{"/Users/Yara/Desktop/MarkdownLinks/lib/index.js": {"path":"/Users/Yara/Desktop/MarkdownLinks/lib/index.js","statementMap":{"0":{"start":{"line":19,"column":11},"end":{"line":19,"column":24}},"1":{"start":{"line":23,"column":16},"end":{"line":45,"column":7}},"2":{"start":{"line":24,"column":4},"end":{"line":45,"column":6}},"3":{"start":{"line":25,"column":8},"end":{"line":27,"column":9}},"4":{"start":{"line":26,"column":12},"end":{"line":26,"column":36}},"5":{"start":{"line":28,"column":8},"end":{"line":44,"column":10}},"6":{"start":{"line":29,"column":12},"end":{"line":43,"column":9}},"7":{"start":{"line":30,"column":16},"end":{"line":30,"column":40}},"8":{"start":{"line":33,"column":26},"end":{"line":33,"column":62}},"9":{"start":{"line":35,"column":26},"end":{"line":41,"column":14}},"10":{"start":{"line":36,"column":32},"end":{"line":36,"column":48}},"11":{"start":{"line":37,"column":16},"end":{"line":40,"column":17}},"12":{"start":{"line":42,"column":12},"end":{"line":42,"column":27}},"13":{"start":{"line":47,"column":0},"end":{"line":47,"column":24}}},"fnMap":{"0":{"name":"(anonymous_0)","decl":{"start":{"line":23,"column":16},"end":{"line":23,"column":17}},"loc":{"start":{"line":23,"column":26},"end":{"line":45,"column":7}},"line":23},"1":{"name":"(anonymous_1)","decl":{"start":{"line":24,"column":23},"end":{"line":24,"column":24}},"loc":{"start":{"line":24,"column":44},"end":{"line":45,"column":5}},"line":24},"2":{"name":"(anonymous_2)","decl":{"start":{"line":28,"column":34},"end":{"line":28,"column":35}},"loc":{"start":{"line":28,"column":53},"end":{"line":44,"column":9}},"line":28},"3":{"name":"(anonymous_3)","decl":{"start":{"line":35,"column":50},"end":{"line":35,"column":51}},"loc":{"start":{"line":35,"column":60},"end":{"line":41,"column":13}},"line":35}},"branchMap":{"0":{"loc":{"start":{"line":25,"column":8},"end":{"line":27,"column":9}},"type":"if","locations":[{"start":{"line":25,"column":8},"end":{"line":27,"column":9}},{"start":{"line":25,"column":8},"end":{"line":27,"column":9}}],"line":25},"1":{"loc":{"start":{"line":29,"column":12},"end":{"line":43,"column":9}},"type":"if","locations":[{"start":{"line":29,"column":12},"end":{"line":43,"column":9}},{"start":{"line":29,"column":12},"end":{"line":43,"column":9}}],"line":29}},"s":{"0":1,"1":1,"2":3,"3":3,"4":1,"5":3,"6":2,"7":1,"8":1,"9":1,"10":2,"11":2,"12":1,"13":1},"f":{"0":3,"1":3,"2":2,"3":2},"b":{"0":[1,2],"1":[1,1]},"_coverageSchema":"43e27e138ebf9cfc5966b082cf9a028302ed4184","hash":"9d8c1eea2d5c5c7879a75d06a1ae6fb3eadabfe3"}
}
